<?xml version="1.0" encoding="UTF-8"?>
<!-- Generated by org.testng.reporters.JUnitXMLReporter -->
<testsuite ignored="0" hostname="WKSBAN36ARYTR13" failures="0" tests="2" name="PerformanceTests" time="75.394" errors="0" timestamp="2026-02-18T15:48:34 IST">
  <testcase classname="demo.WebPagePerformanceTest" name="measurePerformance_normalNetwork" time="6.77"/>
  <testcase classname="demo.WebPagePerformanceTest" name="measurePerformance_slowNetwork_3G" time="63.329"/>
</testsuite> <!-- PerformanceTests -->
