<?xml version="1.0" encoding="UTF-8"?>
<testng-results ignored="0" total="2" passed="1" failed="1" skipped="0">
  <reporter-output>
  </reporter-output>
  <suite started-at="2026-02-20T17:02:43 IST" name="Default suite" finished-at="2026-02-20T17:03:56 IST" duration-ms="73189">
    <groups>
    </groups>
    <test started-at="2026-02-20T17:02:43 IST" name="Default test" finished-at="2026-02-20T17:03:56 IST" duration-ms="73189">
      <class name="demo.WebPagePerformanceTest">
        <test-method is-config="true" signature="setup()[pri:0, instance:demo.WebPagePerformanceTest@34123d65]" started-at="2026-02-20T17:02:43 IST" name="setup" finished-at="2026-02-20T17:02:46 IST" duration-ms="3650" status="PASS">
          <reporter-output>
          </reporter-output>
        </test-method> <!-- setup -->
        <test-method signature="measurePerformance_normalNetwork()[pri:0, instance:demo.WebPagePerformanceTest@34123d65]" started-at="2026-02-20T17:02:46 IST" name="measurePerformance_normalNetwork" finished-at="2026-02-20T17:02:52 IST" duration-ms="5759" status="PASS">
          <reporter-output>
          </reporter-output>
        </test-method> <!-- measurePerformance_normalNetwork -->
        <test-method is-config="true" signature="tearDown()[pri:0, instance:demo.WebPagePerformanceTest@34123d65]" started-at="2026-02-20T17:02:52 IST" name="tearDown" finished-at="2026-02-20T17:02:52 IST" duration-ms="220" status="PASS">
          <reporter-output>
          </reporter-output>
        </test-method> <!-- tearDown -->
        <test-method is-config="true" signature="setup()[pri:0, instance:demo.WebPagePerformanceTest@34123d65]" started-at="2026-02-20T17:02:52 IST" name="setup" finished-at="2026-02-20T17:02:54 IST" duration-ms="1763" status="PASS">
          <reporter-output>
          </reporter-output>
        </test-method> <!-- setup -->
        <test-method signature="measurePerformance_slowNetwork_3G()[pri:0, instance:demo.WebPagePerformanceTest@34123d65]" started-at="2026-02-20T17:02:54 IST" name="measurePerformance_slowNetwork_3G" finished-at="2026-02-20T17:03:56 IST" duration-ms="61637" status="FAIL">
          <exception class="org.openqa.selenium.TimeoutException">
            <message>
              <![CDATA[Expected condition failed: waiting for demo.WebPagePerformanceTest$$Lambda/0x0000016a16248000@549621f3
(tried for 5 seconds with 500 milliseconds interval)]]>
            </message>
            <full-stacktrace>
              <![CDATA[org.openqa.selenium.TimeoutException: Expected condition failed: waiting for demo.WebPagePerformanceTest$$Lambda/0x0000016a16248000@549621f3
(tried for 5 seconds with 500 milliseconds interval)
at org.openqa.selenium.support.ui.WebDriverWait.timeoutException(WebDriverWait.java:84)
at org.openqa.selenium.support.ui.FluentWait.until(FluentWait.java:231)
at demo.WebPagePerformanceTest.waitForDocumentReady(WebPagePerformanceTest.java:104)
at demo.WebPagePerformanceTest.measurePerformance_slowNetwork_3G(WebPagePerformanceTest.java:84)
at java.base/jdk.internal.reflect.DirectMethodHandleAccessor.invoke(DirectMethodHandleAccessor.java:103)
at java.base/java.lang.reflect.Method.invoke(Method.java:580)
at org.testng.internal.invokers.MethodInvocationHelper.invokeMethod(MethodInvocationHelper.java:141)
at org.testng.internal.invokers.TestInvoker.invokeMethod(TestInvoker.java:686)
at org.testng.internal.invokers.TestInvoker.invokeTestMethod(TestInvoker.java:230)
at org.testng.internal.invokers.MethodRunner.runInSequence(MethodRunner.java:63)
at org.testng.internal.invokers.TestInvoker$MethodInvocationAgent.invoke(TestInvoker.java:992)
at org.testng.internal.invokers.TestInvoker.invokeTestMethods(TestInvoker.java:203)
at org.testng.internal.invokers.TestMethodWorker.invokeTestMethods(TestMethodWorker.java:154)
at org.testng.internal.invokers.TestMethodWorker.run(TestMethodWorker.java:134)
at java.base/java.util.ArrayList.forEach(ArrayList.java:1596)
at org.testng.TestRunner.privateRun(TestRunner.java:739)
at org.testng.TestRunner.run(TestRunner.java:614)
at org.testng.SuiteRunner.runTest(SuiteRunner.java:421)
at org.testng.SuiteRunner.runSequentially(SuiteRunner.java:413)
at org.testng.SuiteRunner.privateRun(SuiteRunner.java:373)
at org.testng.SuiteRunner.run(SuiteRunner.java:312)
at org.testng.SuiteRunnerWorker.runSuite(SuiteRunnerWorker.java:52)
at org.testng.SuiteRunnerWorker.run(SuiteRunnerWorker.java:95)
at org.testng.TestNG.runSuitesSequentially(TestNG.java:1274)
at org.testng.TestNG.runSuitesLocally(TestNG.java:1208)
at org.testng.TestNG.runSuites(TestNG.java:1112)
at org.testng.TestNG.run(TestNG.java:1079)
at org.testng.remote.AbstractRemoteTestNG.run(AbstractRemoteTestNG.java:115)
at org.testng.remote.RemoteTestNG.initAndRun(RemoteTestNG.java:293)
at org.testng.remote.RemoteTestNG.main(RemoteTestNG.java:91)
Caused by: org.openqa.selenium.NoSuchWindowException: no such window: target window already closed
from unknown error: web view not found
  (Session info: chrome=145.0.7632.76)
Build info: version: '4.40.0', revision: 'b3333f1'
System info: os.name: 'Windows 11', os.arch: 'amd64', os.version: '10.0', java.version: '21.0.6'
Driver info: org.openqa.selenium.chrome.ChromeDriver
Command: [a7b63fc36d6dd6a573a0648f1f39cc58, executeScript {args=[], script=return document.readyState}]
Capabilities {acceptInsecureCerts: false, browserName: chrome, browserVersion: 145.0.7632.76, chrome: {chromedriverVersion: 145.0.7632.77 (da516187054a..., userDataDir: C:\Users\GOWTHA~1.MUR\AppDa...}, fedcm:accounts: true, goog:chromeOptions: {debuggerAddress: localhost:56150}, goog:processID: 9392, networkConnectionEnabled: false, pageLoadStrategy: normal, platformName: windows, proxy: Proxy(), se:cdp: ws://localhost:56150/devtoo..., se:cdpVersion: 145.0.7632.76, setWindowRect: true, strictFileInteractability: false, timeouts: {implicit: 0, pageLoad: 300000, script: 30000}, unhandledPromptBehavior: dismiss and notify, webauthn:extension:credBlob: true, webauthn:extension:largeBlob: true, webauthn:extension:minPinLength: true, webauthn:extension:prf: true, webauthn:virtualAuthenticators: true}
Session ID: a7b63fc36d6dd6a573a0648f1f39cc58
at org.openqa.selenium.remote.ErrorCodec.decode(ErrorCodec.java:169)
at org.openqa.selenium.remote.codec.w3c.W3CHttpResponseCodec.decode(W3CHttpResponseCodec.java:142)
at org.openqa.selenium.remote.codec.w3c.W3CHttpResponseCodec.decode(W3CHttpResponseCodec.java:49)
at org.openqa.selenium.remote.HttpCommandExecutor.execute(HttpCommandExecutor.java:223)
at org.openqa.selenium.remote.service.DriverCommandExecutor.invokeExecute(DriverCommandExecutor.java:216)
at org.openqa.selenium.remote.service.DriverCommandExecutor.execute(DriverCommandExecutor.java:174)
at org.openqa.selenium.remote.RemoteWebDriver.execute(RemoteWebDriver.java:601)
at org.openqa.selenium.remote.RemoteWebDriver.executeScript(RemoteWebDriver.java:532)
at demo.WebPagePerformanceTest.lambda$0(WebPagePerformanceTest.java:104)
at org.openqa.selenium.support.ui.FluentWait.until(FluentWait.java:207)
... 28 more
]]>
            </full-stacktrace>
          </exception> <!-- org.openqa.selenium.TimeoutException -->
          <reporter-output>
          </reporter-output>
        </test-method> <!-- measurePerformance_slowNetwork_3G -->
        <test-method is-config="true" signature="tearDown()[pri:0, instance:demo.WebPagePerformanceTest@34123d65]" started-at="2026-02-20T17:03:56 IST" name="tearDown" finished-at="2026-02-20T17:03:56 IST" duration-ms="119" status="PASS">
          <reporter-output>
          </reporter-output>
        </test-method> <!-- tearDown -->
      </class> <!-- demo.WebPagePerformanceTest -->
    </test> <!-- Default test -->
  </suite> <!-- Default suite -->
</testng-results>
